c:\port\heap-of-battle2\hob2app\obj\vc142.pdb
c:\port\heap-of-battle2\hob2app\obj\cursor.obj
c:\port\heap-of-battle2\hob2app\obj\chat.obj
c:\port\heap-of-battle2\hob2app\obj\startgame.obj
c:\port\heap-of-battle2\hob2app\obj\settings.obj
c:\port\heap-of-battle2\hob2app\obj\multiplayer.obj
c:\port\heap-of-battle2\hob2app\obj\mainmenu.obj
c:\port\heap-of-battle2\hob2app\obj\loadingscreen.obj
c:\port\heap-of-battle2\hob2app\obj\main.obj
c:\port\heap-of-battle2\hob2app\obj\tiles1.obj
c:\port\heap-of-battle2\hob2app\obj\menu.obj
c:\port\heap-of-battle2\hob2app\obj\map1.obj
c:\port\heap-of-battle2\hob2app\obj\tile.obj
c:\port\heap-of-battle2\hob2app\obj\grid.obj
c:\port\heap-of-battle2\hob2app\obj\faction.obj
c:\port\heap-of-battle2\hob2app\obj\chatframe.obj
c:\port\heap-of-battle2\hob2app\obj\texture.obj
c:\port\heap-of-battle2\hob2app\obj\sound.obj
c:\port\heap-of-battle2\hob2app\obj\loop.obj
c:\port\heap-of-battle2\hob2app\obj\framecap.obj
c:\port\heap-of-battle2\hob2app\obj\component.obj
c:\port\heap-of-battle2\hob2app\obj\window.obj
c:\port\heap-of-battle2\hob2app\obj\renderer.obj
c:\port\heap-of-battle2\hob2app\obj\socket.obj
c:\port\heap-of-battle2\hob2app\obj\music.obj
c:\port\heap-of-battle2\hob2app\obj\timer.obj
c:\port\heap-of-battle2\hob2app\obj\fog.obj
c:\port\heap-of-battle2\hob2app\obj\grid1.obj
c:\port\heap-of-battle2\hob2app\obj\buildings1.obj
c:\port\heap-of-battle2\hob2app\obj\board1.obj
c:\port\heap-of-battle2\hob2app\obj\building.obj
c:\port\heap-of-battle2\hob2app\obj\board.obj
c:\port\heap-of-battle2\bin\heap-of-battle-2.exe
c:\port\heap-of-battle2\hob2app\obj\heap-of-battle-2.ipdb
c:\port\heap-of-battle2\hob2app\obj\heap-of-battle-2.iobj
c:\port\heap-of-battle2\bin\heap-of-battle-2.pdb
c:\port\heap-of-battle2\hob2app\obj\hob2app.res
c:\port\heap-of-battle2\hob2app\obj\hob2app.tlog\cl.command.1.tlog
c:\port\heap-of-battle2\hob2app\obj\hob2app.tlog\cl.read.1.tlog
c:\port\heap-of-battle2\hob2app\obj\hob2app.tlog\cl.write.1.tlog
c:\port\heap-of-battle2\hob2app\obj\hob2app.tlog\link.command.1.tlog
c:\port\heap-of-battle2\hob2app\obj\hob2app.tlog\link.read.1.tlog
c:\port\heap-of-battle2\hob2app\obj\hob2app.tlog\link.write.1.tlog
c:\port\heap-of-battle2\hob2app\obj\hob2app.tlog\rc.command.1.tlog
c:\port\heap-of-battle2\hob2app\obj\hob2app.tlog\rc.read.1.tlog
c:\port\heap-of-battle2\hob2app\obj\hob2app.tlog\rc.write.1.tlog
